  [1m[35m (0.1ms)[0m  [1m[35mCREATE TABLE "schema_migrations" ("version" varchar NOT NULL PRIMARY KEY)[0m
  [1m[35m (0.1ms)[0m  [1m[35mCREATE TABLE "ar_internal_metadata" ("key" varchar NOT NULL PRIMARY KEY, "value" varchar, "created_at" datetime(6) NOT NULL, "updated_at" datetime(6) NOT NULL)[0m
  [1m[36mActiveRecord::InternalMetadata Load (0.1ms)[0m  [1m[34mSELECT * FROM "ar_internal_metadata" WHERE "ar_internal_metadata"."key" = ? ORDER BY "ar_internal_metadata"."key" ASC LIMIT 1[0m  [[nil, "environment"]]
  [1m[36mActiveRecord::InternalMetadata Create (0.1ms)[0m  [1m[32mINSERT INTO "ar_internal_metadata" ("key", "value", "created_at", "updated_at") VALUES ('environment', 'development', '2024-09-13 10:49:08.329534', '2024-09-13 10:49:08.329537') RETURNING "key"[0m
  [1m[36mActiveRecord::SchemaMigration Load (0.0ms)[0m  [1m[34mSELECT "schema_migrations"."version" FROM "schema_migrations" ORDER BY "schema_migrations"."version" ASC[0m
Migrating to CreateMarkets (20240913104530)
  [1m[36mTRANSACTION (0.0ms)[0m  [1m[36mbegin transaction[0m
  [1m[35m (0.4ms)[0m  [1m[35mCREATE TABLE "markets" ("id" integer PRIMARY KEY AUTOINCREMENT NOT NULL, "name" varchar, "created_at" datetime(6) NOT NULL, "updated_at" datetime(6) NOT NULL)[0m
  [1m[36mActiveRecord::SchemaMigration Create (0.0ms)[0m  [1m[32mINSERT INTO "schema_migrations" ("version") VALUES ('20240913104530') RETURNING "version"[0m
  [1m[36mTRANSACTION (0.1ms)[0m  [1m[36mcommit transaction[0m
  [1m[36mActiveRecord::SchemaMigration Load (0.0ms)[0m  [1m[34mSELECT "schema_migrations"."version" FROM "schema_migrations" ORDER BY "schema_migrations"."version" ASC[0m
  [1m[36mMarket Count (0.1ms)[0m  [1m[34mSELECT COUNT(*) FROM "markets"[0m
  [1m[36mMarket Load (0.3ms)[0m  [1m[34mSELECT "markets".* FROM "markets" /* loading for pp */ LIMIT ?[0m  [["LIMIT", 11]]
  [1m[36mActiveRecord::InternalMetadata Load (0.1ms)[0m  [1m[34mSELECT * FROM "ar_internal_metadata" WHERE "ar_internal_metadata"."key" = ? ORDER BY "ar_internal_metadata"."key" ASC LIMIT 1[0m  [[nil, "environment"]]
  [1m[36mActiveRecord::SchemaMigration Load (0.0ms)[0m  [1m[34mSELECT "schema_migrations"."version" FROM "schema_migrations" ORDER BY "schema_migrations"."version" ASC[0m
Migrating to CreateItems (20240913105024)
  [1m[36mTRANSACTION (0.0ms)[0m  [1m[36mbegin transaction[0m
  [1m[35m (0.4ms)[0m  [1m[35mCREATE TABLE "items" ("id" integer PRIMARY KEY AUTOINCREMENT NOT NULL, "name" varchar, "code" varchar, "price" float, "created_at" datetime(6) NOT NULL, "updated_at" datetime(6) NOT NULL)[0m
  [1m[36mActiveRecord::SchemaMigration Create (0.0ms)[0m  [1m[32mINSERT INTO "schema_migrations" ("version") VALUES ('20240913105024') RETURNING "version"[0m
  [1m[36mTRANSACTION (0.2ms)[0m  [1m[36mcommit transaction[0m
  [1m[36mActiveRecord::SchemaMigration Load (0.0ms)[0m  [1m[34mSELECT "schema_migrations"."version" FROM "schema_migrations" ORDER BY "schema_migrations"."version" ASC[0m
  [1m[36mActiveRecord::InternalMetadata Load (0.1ms)[0m  [1m[34mSELECT * FROM "ar_internal_metadata" WHERE "ar_internal_metadata"."key" = ? ORDER BY "ar_internal_metadata"."key" ASC LIMIT 1[0m  [[nil, "environment"]]
  [1m[36mActiveRecord::SchemaMigration Load (0.0ms)[0m  [1m[34mSELECT "schema_migrations"."version" FROM "schema_migrations" ORDER BY "schema_migrations"."version" ASC[0m
Migrating to AddToItemMarketReferences (20240913105528)
  [1m[36mTRANSACTION (0.0ms)[0m  [1m[36mbegin transaction[0m
  [1m[35m (0.0ms)[0m  [1m[35mPRAGMA foreign_keys[0m
  [1m[35m (0.0ms)[0m  [1m[35mPRAGMA defer_foreign_keys[0m
  [1m[35m (0.0ms)[0m  [1m[35mPRAGMA defer_foreign_keys = ON[0m
  [1m[35m (0.0ms)[0m  [1m[35mPRAGMA foreign_keys = OFF[0m
  [1m[35m (0.0ms)[0m  [1m[35mPRAGMA defer_foreign_keys = 0[0m
  [1m[35m (0.0ms)[0m  [1m[35mPRAGMA foreign_keys = 1[0m
  [1m[36mTRANSACTION (0.0ms)[0m  [1m[31mrollback transaction[0m
  [1m[36mActiveRecord::InternalMetadata Load (0.1ms)[0m  [1m[34mSELECT * FROM "ar_internal_metadata" WHERE "ar_internal_metadata"."key" = ? ORDER BY "ar_internal_metadata"."key" ASC LIMIT 1[0m  [[nil, "environment"]]
  [1m[36mActiveRecord::SchemaMigration Load (0.0ms)[0m  [1m[34mSELECT "schema_migrations"."version" FROM "schema_migrations" ORDER BY "schema_migrations"."version" ASC[0m
Migrating to AddToItemMarketReferences (20240913105528)
  [1m[36mTRANSACTION (0.0ms)[0m  [1m[36mbegin transaction[0m
  [1m[35m (0.1ms)[0m  [1m[35mPRAGMA foreign_keys[0m
  [1m[35m (0.0ms)[0m  [1m[35mPRAGMA defer_foreign_keys[0m
  [1m[35m (0.0ms)[0m  [1m[35mPRAGMA defer_foreign_keys = ON[0m
  [1m[35m (0.0ms)[0m  [1m[35mPRAGMA foreign_keys = OFF[0m
  [1m[35m (0.1ms)[0m  [1m[35mCREATE TEMPORARY TABLE "aitems" ("id" integer PRIMARY KEY AUTOINCREMENT NOT NULL, "name" varchar, "code" varchar, "price" float, "created_at" datetime(6) NOT NULL, "updated_at" datetime(6) NOT NULL)[0m
  [1m[35m (0.0ms)[0m  [1m[32mINSERT INTO "aitems" ("id","name","code","price","created_at","updated_at")
                     SELECT "id","name","code","price","created_at","updated_at" FROM "items"[0m
  [1m[35m (0.0ms)[0m  [1m[35mDROP TABLE "items"[0m
  [1m[35m (0.0ms)[0m  [1m[35mCREATE TABLE "items" ("id" integer PRIMARY KEY AUTOINCREMENT NOT NULL, "name" varchar, "code" varchar, "price" float, "created_at" datetime(6) NOT NULL, "updated_at" datetime(6) NOT NULL, "market_id" integer NOT NULL)[0m
  [1m[35m (0.0ms)[0m  [1m[32mINSERT INTO "items" ("id","name","code","price","created_at","updated_at")
                     SELECT "id","name","code","price","created_at","updated_at" FROM "aitems"[0m
  [1m[35m (0.0ms)[0m  [1m[35mDROP TABLE "aitems"[0m
  [1m[35m (0.0ms)[0m  [1m[35mPRAGMA defer_foreign_keys = 0[0m
  [1m[35m (0.0ms)[0m  [1m[35mPRAGMA foreign_keys = 1[0m
  [1m[35m (0.0ms)[0m  [1m[35mCREATE INDEX "index_items_on_market_id" ON "items" ("market_id")[0m
  [1m[35m (0.0ms)[0m  [1m[35mPRAGMA foreign_keys[0m
  [1m[35m (0.0ms)[0m  [1m[35mPRAGMA defer_foreign_keys[0m
  [1m[35m (0.0ms)[0m  [1m[35mPRAGMA defer_foreign_keys = ON[0m
  [1m[35m (0.0ms)[0m  [1m[35mPRAGMA foreign_keys = OFF[0m
  [1m[35m (0.0ms)[0m  [1m[35mCREATE TEMPORARY TABLE "aitems" ("id" integer PRIMARY KEY AUTOINCREMENT NOT NULL, "name" varchar, "code" varchar, "price" float, "created_at" datetime(6) NOT NULL, "updated_at" datetime(6) NOT NULL, "market_id" integer NOT NULL)[0m
  [1m[35m (0.0ms)[0m  [1m[35mCREATE INDEX "tindex_aitems_on_market_id" ON "aitems" ("market_id")[0m
  [1m[35m (0.0ms)[0m  [1m[32mINSERT INTO "aitems" ("id","name","code","price","created_at","updated_at","market_id")
                     SELECT "id","name","code","price","created_at","updated_at","market_id" FROM "items"[0m
  [1m[35m (0.0ms)[0m  [1m[35mDROP TABLE "items"[0m
  [1m[35m (0.0ms)[0m  [1m[35mCREATE TABLE "items" ("id" integer PRIMARY KEY AUTOINCREMENT NOT NULL, "name" varchar, "code" varchar, "price" float, "created_at" datetime(6) NOT NULL, "updated_at" datetime(6) NOT NULL, "market_id" integer NOT NULL, CONSTRAINT "fk_rails_1511e8933d"
FOREIGN KEY ("market_id")
  REFERENCES "markets" ("id")
)[0m
  [1m[35m (0.0ms)[0m  [1m[35mCREATE INDEX "index_items_on_market_id" ON "items" ("market_id")[0m
  [1m[35m (0.0ms)[0m  [1m[32mINSERT INTO "items" ("id","name","code","price","created_at","updated_at","market_id")
                     SELECT "id","name","code","price","created_at","updated_at","market_id" FROM "aitems"[0m
  [1m[35m (0.0ms)[0m  [1m[35mDROP TABLE "aitems"[0m
  [1m[35m (0.0ms)[0m  [1m[35mPRAGMA defer_foreign_keys = 0[0m
  [1m[35m (0.0ms)[0m  [1m[35mPRAGMA foreign_keys = 1[0m
  [1m[36mActiveRecord::SchemaMigration Create (0.0ms)[0m  [1m[32mINSERT INTO "schema_migrations" ("version") VALUES ('20240913105528') RETURNING "version"[0m
  [1m[36mTRANSACTION (0.1ms)[0m  [1m[36mcommit transaction[0m
  [1m[36mActiveRecord::SchemaMigration Load (0.0ms)[0m  [1m[34mSELECT "schema_migrations"."version" FROM "schema_migrations" ORDER BY "schema_migrations"."version" ASC[0m
  [1m[36mTRANSACTION (0.1ms)[0m  [1m[36mbegin transaction[0m
  [1m[36mMarket Exists? (0.6ms)[0m  [1m[34mSELECT 1 AS one FROM "markets" WHERE "markets"."name" IS NULL LIMIT ?[0m  [["LIMIT", 1]]
  [1m[36mTRANSACTION (0.0ms)[0m  [1m[31mrollback transaction[0m
  [1m[36mTRANSACTION (0.1ms)[0m  [1m[36mbegin transaction[0m
  [1m[36mMarket Exists? (0.5ms)[0m  [1m[34mSELECT 1 AS one FROM "markets" WHERE "markets"."name" = ? LIMIT ?[0m  [["name", "ok"], ["LIMIT", 1]]
  [1m[36mMarket Create (0.2ms)[0m  [1m[32mINSERT INTO "markets" ("name", "created_at", "updated_at") VALUES (?, ?, ?) RETURNING "id"[0m  [["name", "ok"], ["created_at", "2024-09-13 10:56:50.642190"], ["updated_at", "2024-09-13 10:56:50.642190"]]
  [1m[36mTRANSACTION (0.1ms)[0m  [1m[36mcommit transaction[0m
  [1m[36mItem Load (0.1ms)[0m  [1m[34mSELECT "items".* FROM "items" WHERE "items"."market_id" = ? /* loading for pp */ LIMIT ?[0m  [["market_id", 1], ["LIMIT", 11]]
  [1m[36mTRANSACTION (0.1ms)[0m  [1m[36mbegin transaction[0m
  [1m[36mItem Exists? (0.3ms)[0m  [1m[34mSELECT 1 AS one FROM "items" WHERE "items"."name" = ? LIMIT ?[0m  [["name", "Pomme"], ["LIMIT", 1]]
  [1m[36mItem Exists? (0.0ms)[0m  [1m[34mSELECT 1 AS one FROM "items" WHERE "items"."code" = ? LIMIT ?[0m  [["code", "P"], ["LIMIT", 1]]
  [1m[36mTRANSACTION (0.0ms)[0m  [1m[31mrollback transaction[0m
  [1m[36mTRANSACTION (0.1ms)[0m  [1m[36mbegin transaction[0m
  [1m[36mItem Exists? (0.7ms)[0m  [1m[34mSELECT 1 AS one FROM "items" WHERE "items"."name" = ? LIMIT ?[0m  [["name", "Pomme"], ["LIMIT", 1]]
  [1m[36mItem Exists? (0.2ms)[0m  [1m[34mSELECT 1 AS one FROM "items" WHERE "items"."code" = ? LIMIT ?[0m  [["code", "P"], ["LIMIT", 1]]
  [1m[36mItem Create (0.1ms)[0m  [1m[32mINSERT INTO "items" ("name", "code", "price", "created_at", "updated_at", "market_id") VALUES (?, ?, ?, ?, ?, ?) RETURNING "id"[0m  [["name", "Pomme"], ["code", "P"], ["price", 2.0], ["created_at", "2024-09-13 10:57:14.569361"], ["updated_at", "2024-09-13 10:57:14.569361"], ["market_id", 1]]
  [1m[36mTRANSACTION (0.2ms)[0m  [1m[36mcommit transaction[0m
  [1m[36mItem Load (0.1ms)[0m  [1m[34mSELECT "items".* FROM "items" WHERE "items"."market_id" = ? /* loading for pp */ LIMIT ?[0m  [["market_id", 1], ["LIMIT", 11]]
Started GET "/favicon.ico" for ::1 at 2024-09-13 13:06:01 +0200
  [1m[36mActiveRecord::SchemaMigration Load (0.1ms)[0m  [1m[34mSELECT "schema_migrations"."version" FROM "schema_migrations" ORDER BY "schema_migrations"."version" ASC[0m
  
ActionController::RoutingError (No route matches [GET] "/favicon.ico"):
  
Started GET "/" for ::1 at 2024-09-13 13:06:03 +0200
Processing by Rails::WelcomeController#index as HTML
  Rendering /Users/yanis/.rbenv/versions/3.1.2/lib/ruby/gems/3.1.0/gems/railties-7.2.1/lib/rails/templates/rails/welcome/index.html.erb
  Rendered /Users/yanis/.rbenv/versions/3.1.2/lib/ruby/gems/3.1.0/gems/railties-7.2.1/lib/rails/templates/rails/welcome/index.html.erb (Duration: 0.3ms | GC: 0.0ms)
Completed 200 OK in 5ms (Views: 0.8ms | ActiveRecord: 0.0ms (0 queries, 0 cached) | GC: 0.0ms)


Started GET "/" for ::1 at 2024-09-13 13:09:00 +0200
  
ActionController::RoutingError (uninitialized constant IndexController

      Object.const_get(camel_cased_word)
            ^^^^^^^^^^
Did you mean?  IndexError

            raise MissingController.new(error.message, error.name)
            ^^^^^):

Causes:
ActionDispatch::MissingController (uninitialized constant IndexController

      Object.const_get(camel_cased_word)
            ^^^^^^^^^^
Did you mean?  IndexError

            raise MissingController.new(error.message, error.name)
            ^^^^^)
NameError (uninitialized constant IndexController

      Object.const_get(camel_cased_word)
            ^^^^^^^^^^
Did you mean?  IndexError)
  
Started GET "/rails/info/routes?query=index" for ::1 at 2024-09-13 13:09:10 +0200
Processing by Rails::InfoController#routes as */*
  Parameters: {"query"=>"index"}
Completed 200 OK in 6ms (Views: 0.2ms | ActiveRecord: 0.0ms (0 queries, 0 cached) | GC: 0.8ms)


Started GET "/" for ::1 at 2024-09-13 13:09:20 +0200
  [1m[36mActiveRecord::SchemaMigration Load (0.1ms)[0m  [1m[34mSELECT "schema_migrations"."version" FROM "schema_migrations" ORDER BY "schema_migrations"."version" ASC[0m
  
ActionController::RoutingError (uninitialized constant IndexController

      Object.const_get(camel_cased_word)
            ^^^^^^^^^^
Did you mean?  IndexError

            raise MissingController.new(error.message, error.name)
            ^^^^^):

Causes:
ActionDispatch::MissingController (uninitialized constant IndexController

      Object.const_get(camel_cased_word)
            ^^^^^^^^^^
Did you mean?  IndexError

            raise MissingController.new(error.message, error.name)
            ^^^^^)
NameError (uninitialized constant IndexController

      Object.const_get(camel_cased_word)
            ^^^^^^^^^^
Did you mean?  IndexError)
  
Started GET "/rails/info/routes?query=market" for ::1 at 2024-09-13 13:09:24 +0200
Processing by Rails::InfoController#routes as */*
  Parameters: {"query"=>"market"}
Completed 200 OK in 8ms (Views: 0.2ms | ActiveRecord: 0.0ms (0 queries, 0 cached) | GC: 0.8ms)


Started GET "/" for ::1 at 2024-09-13 13:09:42 +0200
Processing by MarketController#index as HTML
  Rendering layout layouts/application.html.erb
  Rendering market/index.html.erb within layouts/application
  [1m[36mMarket Load (0.7ms)[0m  [1m[34mSELECT "markets".* FROM "markets"[0m
  ↳ app/views/market/index.html.erb:3
  Rendered market/index.html.erb within layouts/application (Duration: 3.5ms | GC: 0.0ms)
  Rendered layout layouts/application.html.erb (Duration: 207.6ms | GC: 42.7ms)
Completed 200 OK in 229ms (Views: 207.6ms | ActiveRecord: 0.9ms (1 query, 0 cached) | GC: 42.7ms)


Started GET "/manifest.json" for ::1 at 2024-09-13 13:09:43 +0200
Processing by Rails::PwaController#manifest as JSON
  Rendering pwa/manifest.json.erb
  Rendered pwa/manifest.json.erb (Duration: 0.3ms | GC: 0.0ms)
Completed 200 OK in 2ms (Views: 1.3ms | ActiveRecord: 0.0ms (0 queries, 0 cached) | GC: 0.0ms)


Started GET "/" for ::1 at 2024-09-13 13:10:11 +0200
Processing by MarketController#index as HTML
  Rendering layout layouts/application.html.erb
  Rendering market/index.html.erb within layouts/application
  [1m[36mMarket Load (0.6ms)[0m  [1m[34mSELECT "markets".* FROM "markets"[0m
  ↳ app/views/market/index.html.erb:3
  Rendered market/index.html.erb within layouts/application (Duration: 9.8ms | GC: 0.3ms)
  Rendered layout layouts/application.html.erb (Duration: 9.9ms | GC: 0.3ms)
Completed 500 Internal Server Error in 12ms (ActiveRecord: 0.8ms (1 query, 0 cached) | GC: 0.4ms)


  
ActionView::Template::Error (undefined method `market_path' for #<ActionView::Base:0x00000000011e90>

              target.public_send(method, *args)
                    ^^^^^^^^^^^^
Did you mean?  asset_path):

Causes:
NoMethodError (undefined method `market_path' for #<ActionView::Base:0x00000000011e90>

              target.public_send(method, *args)
                    ^^^^^^^^^^^^
Did you mean?  asset_path)
    1: <h1>Market :</h1>
    2: <ul>
    3:   <% @markets.each do |market| %>
    4:     <li><%= link_to market %></li>
    5:   <% end %>
    6: </ul>
  
app/views/market/index.html.erb:4
app/views/market/index.html.erb:3
Started GET "/" for ::1 at 2024-09-13 13:10:17 +0200
Processing by MarketController#index as HTML
  Rendering layout layouts/application.html.erb
  Rendering market/index.html.erb within layouts/application
  [1m[36mMarket Load (0.5ms)[0m  [1m[34mSELECT "markets".* FROM "markets"[0m
  ↳ app/views/market/index.html.erb:3
  Rendered market/index.html.erb within layouts/application (Duration: 9.3ms | GC: 0.2ms)
  Rendered layout layouts/application.html.erb (Duration: 9.5ms | GC: 0.2ms)
Completed 500 Internal Server Error in 12ms (ActiveRecord: 0.7ms (1 query, 0 cached) | GC: 0.3ms)


  
ActionView::Template::Error (undefined method `market_path' for #<ActionView::Base:0x00000000015568>

              target.public_send(method, *args)
                    ^^^^^^^^^^^^
Did you mean?  asset_path):

Causes:
NoMethodError (undefined method `market_path' for #<ActionView::Base:0x00000000015568>

              target.public_send(method, *args)
                    ^^^^^^^^^^^^
Did you mean?  asset_path)
    1: <h1>Market :</h1>
    2: <ul>
    3:   <% @markets.each do |market| %>
    4:     <li><%= link_to market.name, market %></li>
    5:   <% end %>
    6: </ul>
  
app/views/market/index.html.erb:4
app/views/market/index.html.erb:3
Started GET "/" for ::1 at 2024-09-13 13:10:20 +0200
Processing by MarketController#index as HTML
  Rendering layout layouts/application.html.erb
  Rendering market/index.html.erb within layouts/application
  [1m[36mMarket Load (0.1ms)[0m  [1m[34mSELECT "markets".* FROM "markets"[0m
  ↳ app/views/market/index.html.erb:3
  Rendered market/index.html.erb within layouts/application (Duration: 13.5ms | GC: 0.7ms)
  Rendered layout layouts/application.html.erb (Duration: 13.7ms | GC: 0.7ms)
Completed 500 Internal Server Error in 15ms (ActiveRecord: 0.1ms (1 query, 0 cached) | GC: 0.7ms)


  
ActionView::Template::Error (undefined method `market_path' for #<ActionView::Base:0x00000000015888>

              target.public_send(method, *args)
                    ^^^^^^^^^^^^
Did you mean?  asset_path):

Causes:
NoMethodError (undefined method `market_path' for #<ActionView::Base:0x00000000015888>

              target.public_send(method, *args)
                    ^^^^^^^^^^^^
Did you mean?  asset_path)
    1: <h1>Market :</h1>
    2: <ul>
    3:   <% @markets.each do |market| %>
    4:     <li><%= link_to market.name, market %></li>
    5:   <% end %>
    6: </ul>
  
app/views/market/index.html.erb:4
app/views/market/index.html.erb:3
Started GET "/" for ::1 at 2024-09-13 13:10:39 +0200
Processing by MarketController#index as HTML
  Rendering layout layouts/application.html.erb
  Rendering market/index.html.erb within layouts/application
  [1m[36mMarket Load (0.6ms)[0m  [1m[34mSELECT "markets".* FROM "markets"[0m
  ↳ app/views/market/index.html.erb:3
  Rendered market/index.html.erb within layouts/application (Duration: 3.0ms | GC: 0.2ms)
  Rendered layout layouts/application.html.erb (Duration: 11.9ms | GC: 0.8ms)
Completed 200 OK in 15ms (Views: 12.0ms | ActiveRecord: 0.7ms (1 query, 0 cached) | GC: 0.9ms)


Started GET "/manifest.json" for ::1 at 2024-09-13 13:10:39 +0200
Processing by Rails::PwaController#manifest as JSON
  Rendering pwa/manifest.json.erb
  Rendered pwa/manifest.json.erb (Duration: 0.1ms | GC: 0.0ms)
Completed 200 OK in 1ms (Views: 0.7ms | ActiveRecord: 0.0ms (0 queries, 0 cached) | GC: 0.0ms)


Started GET "/markets/1" for ::1 at 2024-09-13 13:10:40 +0200
  
ActionController::RoutingError (uninitialized constant MarketsController

      Object.const_get(camel_cased_word)
            ^^^^^^^^^^
Did you mean?  MarketController

            raise MissingController.new(error.message, error.name)
            ^^^^^):

Causes:
ActionDispatch::MissingController (uninitialized constant MarketsController

      Object.const_get(camel_cased_word)
            ^^^^^^^^^^
Did you mean?  MarketController

            raise MissingController.new(error.message, error.name)
            ^^^^^)
NameError (uninitialized constant MarketsController

      Object.const_get(camel_cased_word)
            ^^^^^^^^^^
Did you mean?  MarketController)
  
Started GET "/markets/1" for ::1 at 2024-09-13 13:11:07 +0200
  
ActionController::RoutingError (uninitialized constant MarketsController

      Object.const_get(camel_cased_word)
            ^^^^^^^^^^
Did you mean?  MarketController

            raise MissingController.new(error.message, error.name)
            ^^^^^):

Causes:
ActionDispatch::MissingController (uninitialized constant MarketsController

      Object.const_get(camel_cased_word)
            ^^^^^^^^^^
Did you mean?  MarketController

            raise MissingController.new(error.message, error.name)
            ^^^^^)
NameError (uninitialized constant MarketsController

      Object.const_get(camel_cased_word)
            ^^^^^^^^^^
Did you mean?  MarketController)
  
Started GET "/markets/1" for ::1 at 2024-09-13 13:11:08 +0200
  
ActionController::RoutingError (uninitialized constant MarketsController

      Object.const_get(camel_cased_word)
            ^^^^^^^^^^
Did you mean?  MarketController

            raise MissingController.new(error.message, error.name)
            ^^^^^):

Causes:
ActionDispatch::MissingController (uninitialized constant MarketsController

      Object.const_get(camel_cased_word)
            ^^^^^^^^^^
Did you mean?  MarketController

            raise MissingController.new(error.message, error.name)
            ^^^^^)
NameError (uninitialized constant MarketsController

      Object.const_get(camel_cased_word)
            ^^^^^^^^^^
Did you mean?  MarketController)
  
Started GET "/markets/1" for ::1 at 2024-09-13 13:11:13 +0200
  
ActionController::RoutingError (uninitialized constant MarketsController

      Object.const_get(camel_cased_word)
            ^^^^^^^^^^
Did you mean?  MarketController

            raise MissingController.new(error.message, error.name)
            ^^^^^):

Causes:
ActionDispatch::MissingController (uninitialized constant MarketsController

      Object.const_get(camel_cased_word)
            ^^^^^^^^^^
Did you mean?  MarketController

            raise MissingController.new(error.message, error.name)
            ^^^^^)
NameError (uninitialized constant MarketsController

      Object.const_get(camel_cased_word)
            ^^^^^^^^^^
Did you mean?  MarketController)
  
Started GET "/rails/info/routes?query=market" for ::1 at 2024-09-13 13:11:28 +0200
Processing by Rails::InfoController#routes as */*
  Parameters: {"query"=>"market"}
Completed 200 OK in 9ms (Views: 0.3ms | ActiveRecord: 0.0ms (0 queries, 0 cached) | GC: 0.7ms)


Started GET "/markets/1" for ::1 at 2024-09-13 13:12:06 +0200
  
ActionController::RoutingError (uninitialized constant MarketsController

      Object.const_get(camel_cased_word)
            ^^^^^^^^^^
Did you mean?  MarketController

            raise MissingController.new(error.message, error.name)
            ^^^^^):

Causes:
ActionDispatch::MissingController (uninitialized constant MarketsController

      Object.const_get(camel_cased_word)
            ^^^^^^^^^^
Did you mean?  MarketController

            raise MissingController.new(error.message, error.name)
            ^^^^^)
NameError (uninitialized constant MarketsController

      Object.const_get(camel_cased_word)
            ^^^^^^^^^^
Did you mean?  MarketController)
  
Started GET "/markets/1" for ::1 at 2024-09-13 13:12:36 +0200
Processing by MarketsController#show as HTML
  Parameters: {"id"=>"1"}
  [1m[36mMarket Load (0.1ms)[0m  [1m[34mSELECT "markets".* FROM "markets" WHERE "markets"."id" = ? LIMIT ?[0m  [["id", 1], ["LIMIT", 1]]
  ↳ app/controllers/markets_controller.rb:12:in `set_market'
Completed 406 Not Acceptable in 6ms (ActiveRecord: 0.7ms (1 query, 0 cached) | GC: 0.4ms)


  
ActionController::MissingExactTemplate (MarketsController#show is missing a template for request formats: text/html):
  
actionpack (7.2.1) lib/action_controller/metal/implicit_render.rb:49:in `default_render'
actionpack (7.2.1) lib/action_controller/metal/basic_implicit_render.rb:9:in `send_action'
actionpack (7.2.1) lib/abstract_controller/base.rb:226:in `process_action'
actionpack (7.2.1) lib/action_controller/metal/rendering.rb:193:in `process_action'
actionpack (7.2.1) lib/abstract_controller/callbacks.rb:261:in `block in process_action'
activesupport (7.2.1) lib/active_support/callbacks.rb:121:in `block in run_callbacks'
turbo-rails (2.0.7) lib/turbo-rails.rb:24:in `with_request_id'
turbo-rails (2.0.7) app/controllers/concerns/turbo/request_id_tracking.rb:10:in `turbo_tracking_request_id'
activesupport (7.2.1) lib/active_support/callbacks.rb:130:in `block in run_callbacks'
actiontext (7.2.1) lib/action_text/rendering.rb:25:in `with_renderer'
actiontext (7.2.1) lib/action_text/engine.rb:71:in `block (4 levels) in <class:Engine>'
activesupport (7.2.1) lib/active_support/callbacks.rb:130:in `instance_exec'
activesupport (7.2.1) lib/active_support/callbacks.rb:130:in `block in run_callbacks'
activesupport (7.2.1) lib/active_support/callbacks.rb:141:in `run_callbacks'
actionpack (7.2.1) lib/abstract_controller/callbacks.rb:260:in `process_action'
actionpack (7.2.1) lib/action_controller/metal/rescue.rb:27:in `process_action'
actionpack (7.2.1) lib/action_controller/metal/instrumentation.rb:77:in `block in process_action'
activesupport (7.2.1) lib/active_support/notifications.rb:210:in `block in instrument'
activesupport (7.2.1) lib/active_support/notifications/instrumenter.rb:58:in `instrument'
activesupport (7.2.1) lib/active_support/notifications.rb:210:in `instrument'
actionpack (7.2.1) lib/action_controller/metal/instrumentation.rb:76:in `process_action'
actionpack (7.2.1) lib/action_controller/metal/params_wrapper.rb:259:in `process_action'
activerecord (7.2.1) lib/active_record/railties/controller_runtime.rb:39:in `process_action'
actionpack (7.2.1) lib/abstract_controller/base.rb:163:in `process'
actionview (7.2.1) lib/action_view/rendering.rb:40:in `process'
actionpack (7.2.1) lib/action_controller/metal.rb:252:in `dispatch'
actionpack (7.2.1) lib/action_controller/metal.rb:335:in `dispatch'
actionpack (7.2.1) lib/action_dispatch/routing/route_set.rb:67:in `dispatch'
actionpack (7.2.1) lib/action_dispatch/routing/route_set.rb:50:in `serve'
actionpack (7.2.1) lib/action_dispatch/journey/router.rb:53:in `block in serve'
actionpack (7.2.1) lib/action_dispatch/journey/router.rb:133:in `block in find_routes'
actionpack (7.2.1) lib/action_dispatch/journey/router.rb:126:in `each'
actionpack (7.2.1) lib/action_dispatch/journey/router.rb:126:in `find_routes'
actionpack (7.2.1) lib/action_dispatch/journey/router.rb:34:in `serve'
actionpack (7.2.1) lib/action_dispatch/routing/route_set.rb:896:in `call'
rack (3.1.7) lib/rack/tempfile_reaper.rb:20:in `call'
rack (3.1.7) lib/rack/etag.rb:29:in `call'
rack (3.1.7) lib/rack/conditional_get.rb:31:in `call'
rack (3.1.7) lib/rack/head.rb:15:in `call'
actionpack (7.2.1) lib/action_dispatch/http/permissions_policy.rb:38:in `call'
actionpack (7.2.1) lib/action_dispatch/http/content_security_policy.rb:36:in `call'
rack-session (2.0.0) lib/rack/session/abstract/id.rb:272:in `context'
rack-session (2.0.0) lib/rack/session/abstract/id.rb:266:in `call'
actionpack (7.2.1) lib/action_dispatch/middleware/cookies.rb:704:in `call'
activerecord (7.2.1) lib/active_record/migration.rb:674:in `call'
actionpack (7.2.1) lib/action_dispatch/middleware/callbacks.rb:31:in `block in call'
activesupport (7.2.1) lib/active_support/callbacks.rb:101:in `run_callbacks'
actionpack (7.2.1) lib/action_dispatch/middleware/callbacks.rb:30:in `call'
actionpack (7.2.1) lib/action_dispatch/middleware/executor.rb:16:in `call'
actionpack (7.2.1) lib/action_dispatch/middleware/actionable_exceptions.rb:18:in `call'
actionpack (7.2.1) lib/action_dispatch/middleware/debug_exceptions.rb:31:in `call'
web-console (4.2.1) lib/web_console/middleware.rb:132:in `call_app'
web-console (4.2.1) lib/web_console/middleware.rb:28:in `block in call'
web-console (4.2.1) lib/web_console/middleware.rb:17:in `catch'
web-console (4.2.1) lib/web_console/middleware.rb:17:in `call'
actionpack (7.2.1) lib/action_dispatch/middleware/show_exceptions.rb:32:in `call'
railties (7.2.1) lib/rails/rack/logger.rb:41:in `call_app'
railties (7.2.1) lib/rails/rack/logger.rb:29:in `call'
sprockets-rails (3.5.2) lib/sprockets/rails/quiet_assets.rb:17:in `call'
actionpack (7.2.1) lib/action_dispatch/middleware/remote_ip.rb:96:in `call'
actionpack (7.2.1) lib/action_dispatch/middleware/request_id.rb:33:in `call'
rack (3.1.7) lib/rack/method_override.rb:28:in `call'
rack (3.1.7) lib/rack/runtime.rb:24:in `call'
activesupport (7.2.1) lib/active_support/cache/strategy/local_cache_middleware.rb:29:in `call'
actionpack (7.2.1) lib/action_dispatch/middleware/server_timing.rb:61:in `block in call'
actionpack (7.2.1) lib/action_dispatch/middleware/server_timing.rb:26:in `collect_events'
actionpack (7.2.1) lib/action_dispatch/middleware/server_timing.rb:60:in `call'
actionpack (7.2.1) lib/action_dispatch/middleware/executor.rb:16:in `call'
actionpack (7.2.1) lib/action_dispatch/middleware/static.rb:27:in `call'
rack (3.1.7) lib/rack/sendfile.rb:114:in `call'
actionpack (7.2.1) lib/action_dispatch/middleware/host_authorization.rb:143:in `call'
railties (7.2.1) lib/rails/engine.rb:535:in `call'
puma (6.4.2) lib/puma/configuration.rb:272:in `call'
puma (6.4.2) lib/puma/request.rb:100:in `block in handle_request'
puma (6.4.2) lib/puma/thread_pool.rb:378:in `with_force_shutdown'
puma (6.4.2) lib/puma/request.rb:99:in `handle_request'
puma (6.4.2) lib/puma/server.rb:464:in `process_client'
puma (6.4.2) lib/puma/server.rb:245:in `block in run'
puma (6.4.2) lib/puma/thread_pool.rb:155:in `block in spawn_thread'
Started GET "/markets/1" for ::1 at 2024-09-13 13:12:52 +0200
Processing by MarketsController#show as HTML
  Parameters: {"id"=>"1"}
  [1m[36mMarket Load (0.0ms)[0m  [1m[34mSELECT "markets".* FROM "markets" WHERE "markets"."id" = ? LIMIT ?[0m  [["id", 1], ["LIMIT", 1]]
  ↳ app/controllers/markets_controller.rb:12:in `set_market'
  Rendering layout layouts/application.html.erb
  Rendering markets/show.html.erb within layouts/application
  Rendered markets/show.html.erb within layouts/application (Duration: 0.1ms | GC: 0.0ms)
  Rendered layout layouts/application.html.erb (Duration: 9.8ms | GC: 1.1ms)
Completed 200 OK in 15ms (Views: 10.6ms | ActiveRecord: 0.7ms (1 query, 0 cached) | GC: 1.3ms)


Started GET "/manifest.json" for ::1 at 2024-09-13 13:12:52 +0200
Processing by Rails::PwaController#manifest as JSON
  Rendering pwa/manifest.json.erb
  Rendered pwa/manifest.json.erb (Duration: 0.6ms | GC: 0.1ms)
Completed 200 OK in 2ms (Views: 1.4ms | ActiveRecord: 0.0ms (0 queries, 0 cached) | GC: 0.1ms)


